nohup: ignoring input
=== Установка SSH на всех контейнерах ===

[08:51:48] Обработка CT 100...
  CT 100: SSH уже установлен, проверяю статус...
  CT 100: ✓ SSH уже запущен

[08:51:52] Обработка CT 101...
  CT 101: SSH уже установлен, проверяю статус...
  CT 101: Запускаю SSH...
  CT 101: ✓ SSH запущен

[08:52:02] Обработка CT 102...
  CT 102: SSH уже установлен, проверяю статус...
  CT 102: ✓ SSH уже запущен

[08:52:06] Обработка CT 103...
  CT 103: SSH уже установлен, проверяю статус...
  CT 103: ✓ SSH уже запущен

[08:52:10] Обработка CT 104...
  CT 104: Устанавливаю SSH...
  CT 104: ✓ SSH установлен и запущен

[08:52:38] Обработка CT 105...
  CT 105: Устанавливаю SSH...
  CT 105: ✓ SSH установлен и запущен

[08:53:06] Обработка CT 106...
  CT 106: Устанавливаю SSH...
  CT 106: ✓ SSH установлен и запущен

[08:53:34] Обработка CT 107...
  CT 107: Устанавливаю SSH...
  CT 107: ✓ SSH установлен и запущен

=== Проверка SSH портов ===
  CT 100 (192.168.50.31): ✓ Порт 22 открыт
  CT 101 (192.168.50.41): ✓ Порт 22 открыт
  CT 102 (192.168.50.11): ✓ Порт 22 открыт
  CT 103 (192.168.50.32): ✓ Порт 22 открыт
  CT 104 (192.168.50.21): ✓ Порт 22 открыт
  CT 105 (192.168.50.22): ✓ Порт 22 открыт
  CT 106 (192.168.50.42): ✓ Порт 22 открыт
  CT 107 (192.168.50.12): ✓ Порт 22 открыт

=== Готово ===
